1517923895442	geckodriver	INFO	geckodriver 0.19.1
1517923895446	geckodriver	INFO	Listening on 127.0.0.1:34073
1517923896569	mozrunner::runner	INFO	Running command: "/usr/bin/firefox" "-marionette" "-profile" "/tmp/rust_mozprofile.QZlbtznOx3kj"
1517923897641	Marionette	INFO	Enabled via --marionette
1517923900401	Marionette	INFO	Listening on port 41383
1517923900498	Marionette	WARN	TLS certificate errors will be ignored for this session
JavaScript warning: https://ajax.googleapis.com/ajax/libs/jquery/1.10.2/jquery.min.js, line 1: Using //@ to indicate sourceMappingURL pragmas is deprecated. Use //# instead
JavaScript error: https://ajax.googleapis.com/ajax/libs/jquery/1.10.2/jquery.min.js, line 4: NS_ERROR_NOT_INITIALIZED: 
[Child 5687, Chrome_ChildThread] WARNING: pipe error (3): Connection reset by peer: file /build/firefox-ox8TnP/firefox-58.0.1+build1/ipc/chromium/src/chrome/common/ipc_channel_posix.cc, line 353

###!!! [Child][MessageChannel] Error: (msgtype=0x2C00C5,name=PContent::Msg_GraphicsError) Channel error: cannot send/recv

[GFX1-]: Receive IPC close with reason=AbnormalShutdown

###!!! [Child][MessageChannel] Error: (msgtype=0x2C00DB,name=PContent::Msg_ShutdownProfile) Channel error: cannot send/recv


###!!! [Child][MessageChannel] Error: (msgtype=0x2C00D7,name=PContent::Msg_FinishShutdown) Channel error: cannot send/recv

1517926413542	geckodriver	INFO	geckodriver 0.19.1
1517926413545	geckodriver	INFO	Listening on 127.0.0.1:47221
1517926414673	mozrunner::runner	INFO	Running command: "/usr/bin/firefox" "-marionette" "-profile" "/tmp/rust_mozprofile.7Y0u6XFVOSYl"
1517926415593	Marionette	INFO	Enabled via --marionette
1517926418570	Marionette	INFO	Listening on port 39407
1517926418600	Marionette	WARN	TLS certificate errors will be ignored for this session
JavaScript warning: https://ajax.googleapis.com/ajax/libs/jquery/1.10.2/jquery.min.js, line 1: Using //@ to indicate sourceMappingURL pragmas is deprecated. Use //# instead
JavaScript warning: https://www.googletagmanager.com/gtag/js?id=UA-108689029-1, line 69: unreachable code after return statement
JavaScript warning: https://www.googletagmanager.com/gtag/js?id=UA-108689029-1, line 69: unreachable code after return statement
JavaScript warning: https://ajax.googleapis.com/ajax/libs/jquery/1.10.2/jquery.min.js, line 1: Using //@ to indicate sourceMappingURL pragmas is deprecated. Use //# instead
JavaScript warning: https://www.googletagmanager.com/gtag/js?id=UA-108689029-1, line 69: unreachable code after return statement
JavaScript warning: https://www.googletagmanager.com/gtag/js?id=UA-108689029-1, line 69: unreachable code after return statement
JavaScript warning: https://ajax.googleapis.com/ajax/libs/jquery/1.10.2/jquery.min.js, line 1: Using //@ to indicate sourceMappingURL pragmas is deprecated. Use //# instead
JavaScript warning: https://www.googletagmanager.com/gtag/js?id=UA-108689029-1, line 69: unreachable code after return statement
JavaScript warning: https://www.googletagmanager.com/gtag/js?id=UA-108689029-1, line 69: unreachable code after return statement
1517926472202	geckodriver	INFO	geckodriver 0.19.1
1517926472205	geckodriver	INFO	Listening on 127.0.0.1:58873
1517926473333	mozrunner::runner	INFO	Running command: "/usr/bin/firefox" "-marionette" "-profile" "/tmp/rust_mozprofile.ZGWIBpK07QdV"
1517926474297	Marionette	INFO	Enabled via --marionette
1517926477910	Marionette	INFO	Listening on port 42925
1517926477958	Marionette	WARN	TLS certificate errors will be ignored for this session
JavaScript warning: https://ajax.googleapis.com/ajax/libs/jquery/1.10.2/jquery.min.js, line 1: Using //@ to indicate sourceMappingURL pragmas is deprecated. Use //# instead
JavaScript warning: https://www.googletagmanager.com/gtag/js?id=UA-108689029-1, line 69: unreachable code after return statement
JavaScript warning: https://www.googletagmanager.com/gtag/js?id=UA-108689029-1, line 69: unreachable code after return statement
JavaScript warning: https://ajax.googleapis.com/ajax/libs/jquery/1.10.2/jquery.min.js, line 1: Using //@ to indicate sourceMappingURL pragmas is deprecated. Use //# instead
JavaScript warning: https://www.googletagmanager.com/gtag/js?id=UA-108689029-1, line 69: unreachable code after return statement
JavaScript warning: https://www.googletagmanager.com/gtag/js?id=UA-108689029-1, line 69: unreachable code after return statement
JavaScript warning: https://ajax.googleapis.com/ajax/libs/jquery/1.10.2/jquery.min.js, line 1: Using //@ to indicate sourceMappingURL pragmas is deprecated. Use //# instead
JavaScript warning: https://www.googletagmanager.com/gtag/js?id=UA-108689029-1, line 69: unreachable code after return statement
JavaScript warning: https://www.googletagmanager.com/gtag/js?id=UA-108689029-1, line 69: unreachable code after return statement
1517926636654	geckodriver	INFO	geckodriver 0.19.1
1517926636658	geckodriver	INFO	Listening on 127.0.0.1:58211
1517926637783	mozrunner::runner	INFO	Running command: "/usr/bin/firefox" "-marionette" "-profile" "/tmp/rust_mozprofile.lyaMcC2OoLxJ"
1517926638639	Marionette	INFO	Enabled via --marionette
1517926641662	Marionette	INFO	Listening on port 44353
1517926641706	Marionette	WARN	TLS certificate errors will be ignored for this session
JavaScript warning: https://ajax.googleapis.com/ajax/libs/jquery/1.10.2/jquery.min.js, line 1: Using //@ to indicate sourceMappingURL pragmas is deprecated. Use //# instead
JavaScript warning: https://www.googletagmanager.com/gtag/js?id=UA-108689029-1, line 69: unreachable code after return statement
JavaScript warning: https://www.googletagmanager.com/gtag/js?id=UA-108689029-1, line 69: unreachable code after return statement
JavaScript warning: https://ajax.googleapis.com/ajax/libs/jquery/1.10.2/jquery.min.js, line 1: Using //@ to indicate sourceMappingURL pragmas is deprecated. Use //# instead
JavaScript warning: https://www.googletagmanager.com/gtag/js?id=UA-108689029-1, line 69: unreachable code after return statement
JavaScript warning: https://www.googletagmanager.com/gtag/js?id=UA-108689029-1, line 69: unreachable code after return statement
JavaScript warning: https://ajax.googleapis.com/ajax/libs/jquery/1.10.2/jquery.min.js, line 1: Using //@ to indicate sourceMappingURL pragmas is deprecated. Use //# instead
JavaScript warning: https://www.googletagmanager.com/gtag/js?id=UA-108689029-1, line 69: unreachable code after return statement
JavaScript warning: https://www.googletagmanager.com/gtag/js?id=UA-108689029-1, line 69: unreachable code after return statement
1517926970618	geckodriver	INFO	geckodriver 0.19.1
1517926970622	geckodriver	INFO	Listening on 127.0.0.1:48569
1517926971765	mozrunner::runner	INFO	Running command: "/usr/bin/firefox" "-marionette" "-profile" "/tmp/rust_mozprofile.Mcgq2NUfpJI1"
1517926972643	Marionette	INFO	Enabled via --marionette
1517926975579	Marionette	INFO	Listening on port 36085
1517926975679	Marionette	WARN	TLS certificate errors will be ignored for this session
JavaScript warning: https://ajax.googleapis.com/ajax/libs/jquery/1.10.2/jquery.min.js, line 1: Using //@ to indicate sourceMappingURL pragmas is deprecated. Use //# instead
JavaScript warning: https://www.googletagmanager.com/gtag/js?id=UA-108689029-1, line 69: unreachable code after return statement
JavaScript warning: https://www.googletagmanager.com/gtag/js?id=UA-108689029-1, line 69: unreachable code after return statement
1517927004830	geckodriver	INFO	geckodriver 0.19.1
1517927004834	geckodriver	INFO	Listening on 127.0.0.1:41075
JavaScript warning: https://ajax.googleapis.com/ajax/libs/jquery/1.10.2/jquery.min.js, line 1: Using //@ to indicate sourceMappingURL pragmas is deprecated. Use //# instead
JavaScript warning: https://www.googletagmanager.com/gtag/js?id=UA-108689029-1, line 69: unreachable code after return statement
JavaScript warning: https://www.googletagmanager.com/gtag/js?id=UA-108689029-1, line 69: unreachable code after return statement
1517927005974	mozrunner::runner	INFO	Running command: "/usr/bin/firefox" "-marionette" "-profile" "/tmp/rust_mozprofile.G6vTPIFGhHa7"
1517927006827	Marionette	INFO	Enabled via --marionette
1517927010157	Marionette	INFO	Listening on port 41351
1517927010190	Marionette	WARN	TLS certificate errors will be ignored for this session
JavaScript warning: https://ajax.googleapis.com/ajax/libs/jquery/1.10.2/jquery.min.js, line 1: Using //@ to indicate sourceMappingURL pragmas is deprecated. Use //# instead
JavaScript warning: https://www.googletagmanager.com/gtag/js?id=UA-108689029-1, line 69: unreachable code after return statement
JavaScript warning: https://www.googletagmanager.com/gtag/js?id=UA-108689029-1, line 69: unreachable code after return statement
JavaScript warning: https://ajax.googleapis.com/ajax/libs/jquery/1.10.2/jquery.min.js, line 1: Using //@ to indicate sourceMappingURL pragmas is deprecated. Use //# instead
JavaScript warning: https://www.googletagmanager.com/gtag/js?id=UA-108689029-1, line 69: unreachable code after return statement
JavaScript warning: https://www.googletagmanager.com/gtag/js?id=UA-108689029-1, line 69: unreachable code after return statement
JavaScript warning: https://ajax.googleapis.com/ajax/libs/jquery/1.10.2/jquery.min.js, line 1: Using //@ to indicate sourceMappingURL pragmas is deprecated. Use //# instead
JavaScript warning: https://www.googletagmanager.com/gtag/js?id=UA-108689029-1, line 69: unreachable code after return statement
JavaScript warning: https://www.googletagmanager.com/gtag/js?id=UA-108689029-1, line 69: unreachable code after return statement
JavaScript warning: https://ajax.googleapis.com/ajax/libs/jquery/1.10.2/jquery.min.js, line 1: Using //@ to indicate sourceMappingURL pragmas is deprecated. Use //# instead
JavaScript warning: https://www.googletagmanager.com/gtag/js?id=UA-108689029-1, line 69: unreachable code after return statement
JavaScript warning: https://www.googletagmanager.com/gtag/js?id=UA-108689029-1, line 69: unreachable code after return statement
1517927316269	geckodriver	INFO	geckodriver 0.19.1
1517927316273	geckodriver	INFO	Listening on 127.0.0.1:47283
1517927317399	mozrunner::runner	INFO	Running command: "/usr/bin/firefox" "-marionette" "-profile" "/tmp/rust_mozprofile.kw8q4er1Qphs"
1517927318304	Marionette	INFO	Enabled via --marionette
1517927321123	Marionette	INFO	Listening on port 35499
1517927321212	Marionette	WARN	TLS certificate errors will be ignored for this session
JavaScript warning: https://ajax.googleapis.com/ajax/libs/jquery/1.10.2/jquery.min.js, line 1: Using //@ to indicate sourceMappingURL pragmas is deprecated. Use //# instead
JavaScript warning: https://www.googletagmanager.com/gtag/js?id=UA-108689029-1, line 69: unreachable code after return statement
JavaScript warning: https://www.googletagmanager.com/gtag/js?id=UA-108689029-1, line 69: unreachable code after return statement
JavaScript warning: https://ajax.googleapis.com/ajax/libs/jquery/1.10.2/jquery.min.js, line 1: Using //@ to indicate sourceMappingURL pragmas is deprecated. Use //# instead
JavaScript warning: https://www.googletagmanager.com/gtag/js?id=UA-108689029-1, line 69: unreachable code after return statement
JavaScript warning: https://www.googletagmanager.com/gtag/js?id=UA-108689029-1, line 69: unreachable code after return statement
JavaScript warning: https://ajax.googleapis.com/ajax/libs/jquery/1.10.2/jquery.min.js, line 1: Using //@ to indicate sourceMappingURL pragmas is deprecated. Use //# instead
JavaScript warning: https://www.googletagmanager.com/gtag/js?id=UA-108689029-1, line 69: unreachable code after return statement
JavaScript warning: https://www.googletagmanager.com/gtag/js?id=UA-108689029-1, line 69: unreachable code after return statement
JavaScript warning: https://ajax.googleapis.com/ajax/libs/jquery/1.10.2/jquery.min.js, line 1: Using //@ to indicate sourceMappingURL pragmas is deprecated. Use //# instead
JavaScript warning: https://www.googletagmanager.com/gtag/js?id=UA-108689029-1, line 69: unreachable code after return statement
JavaScript warning: https://www.googletagmanager.com/gtag/js?id=UA-108689029-1, line 69: unreachable code after return statement
Handler function LocalDebuggerTransport instance's this.other.hooks.onPacket threw an exception: TypeError: to is null
Stack: onPacket@resource://devtools/shared/base-loader.js -> resource://devtools/server/main.js:1765:11
send/<@resource://devtools/shared/base-loader.js -> resource://devtools/shared/transport/transport.js:570:13
exports.makeInfallible/<@resource://devtools/shared/base-loader.js -> resource://devtools/shared/ThreadSafeDevToolsUtils.js:109:14
exports.makeInfallible/<@resource://devtools/shared/base-loader.js -> resource://devtools/shared/ThreadSafeDevToolsUtils.js:109:14
Line: 1765, column: 11
console.error: 
  Handler function LocalDebuggerTransport instance's this.other.hooks.onPacket threw an exception: TypeError: to is null
Stack: onPacket@resource://devtools/shared/base-loader.js -> resource://devtools/server/main.js:1765:11
send/<@resource://devtools/shared/base-loader.js -> resource://devtools/shared/transport/transport.js:570:13
exports.makeInfallible/<@resource://devtools/shared/base-loader.js -> resource://devtools/shared/ThreadSafeDevToolsUtils.js:109:14
exports.makeInfallible/<@resource://devtools/shared/base-loader.js -> resource://devtools/shared/ThreadSafeDevToolsUtils.js:109:14
Line: 1765, column: 11
1517927428490	geckodriver	INFO	geckodriver 0.19.1
1517927428494	geckodriver	INFO	Listening on 127.0.0.1:42867
1517927429634	mozrunner::runner	INFO	Running command: "/usr/bin/firefox" "-marionette" "-profile" "/tmp/rust_mozprofile.ISaVvqnM4ZP9"
1517927430557	Marionette	INFO	Enabled via --marionette
1517927433524	Marionette	INFO	Listening on port 33673
1517927433552	Marionette	WARN	TLS certificate errors will be ignored for this session
JavaScript warning: https://ajax.googleapis.com/ajax/libs/jquery/1.10.2/jquery.min.js, line 1: Using //@ to indicate sourceMappingURL pragmas is deprecated. Use //# instead
JavaScript warning: https://www.googletagmanager.com/gtag/js?id=UA-108689029-1, line 69: unreachable code after return statement
JavaScript warning: https://www.googletagmanager.com/gtag/js?id=UA-108689029-1, line 69: unreachable code after return statement
JavaScript warning: https://ajax.googleapis.com/ajax/libs/jquery/1.10.2/jquery.min.js, line 1: Using //@ to indicate sourceMappingURL pragmas is deprecated. Use //# instead
JavaScript warning: https://www.googletagmanager.com/gtag/js?id=UA-108689029-1, line 69: unreachable code after return statement
JavaScript warning: https://www.googletagmanager.com/gtag/js?id=UA-108689029-1, line 69: unreachable code after return statement
JavaScript warning: https://ajax.googleapis.com/ajax/libs/jquery/1.10.2/jquery.min.js, line 1: Using //@ to indicate sourceMappingURL pragmas is deprecated. Use //# instead
JavaScript warning: https://www.googletagmanager.com/gtag/js?id=UA-108689029-1, line 69: unreachable code after return statement
JavaScript warning: https://www.googletagmanager.com/gtag/js?id=UA-108689029-1, line 69: unreachable code after return statement
JavaScript warning: https://ajax.googleapis.com/ajax/libs/jquery/1.10.2/jquery.min.js, line 1: Using //@ to indicate sourceMappingURL pragmas is deprecated. Use //# instead
JavaScript warning: https://www.googletagmanager.com/gtag/js?id=UA-108689029-1, line 69: unreachable code after return statement
JavaScript warning: https://www.googletagmanager.com/gtag/js?id=UA-108689029-1, line 69: unreachable code after return statement
1517927770410	geckodriver	INFO	geckodriver 0.19.1
1517927770414	geckodriver	INFO	Listening on 127.0.0.1:59049
1517927771557	mozrunner::runner	INFO	Running command: "/usr/bin/firefox" "-marionette" "-profile" "/tmp/rust_mozprofile.NiPKfSb3aN0b"
1517927772504	Marionette	INFO	Enabled via --marionette
1517927775615	Marionette	INFO	Listening on port 45611
1517927775675	Marionette	WARN	TLS certificate errors will be ignored for this session
JavaScript warning: https://ajax.googleapis.com/ajax/libs/jquery/1.10.2/jquery.min.js, line 1: Using //@ to indicate sourceMappingURL pragmas is deprecated. Use //# instead
JavaScript warning: https://www.googletagmanager.com/gtag/js?id=UA-108689029-1, line 69: unreachable code after return statement
JavaScript warning: https://www.googletagmanager.com/gtag/js?id=UA-108689029-1, line 69: unreachable code after return statement
JavaScript warning: https://ajax.googleapis.com/ajax/libs/jquery/1.10.2/jquery.min.js, line 1: Using //@ to indicate sourceMappingURL pragmas is deprecated. Use //# instead
JavaScript warning: https://www.googletagmanager.com/gtag/js?id=UA-108689029-1, line 69: unreachable code after return statement
JavaScript warning: https://www.googletagmanager.com/gtag/js?id=UA-108689029-1, line 69: unreachable code after return statement
JavaScript warning: https://ajax.googleapis.com/ajax/libs/jquery/1.10.2/jquery.min.js, line 1: Using //@ to indicate sourceMappingURL pragmas is deprecated. Use //# instead
JavaScript warning: https://www.googletagmanager.com/gtag/js?id=UA-108689029-1, line 69: unreachable code after return statement
JavaScript warning: https://www.googletagmanager.com/gtag/js?id=UA-108689029-1, line 69: unreachable code after return statement
JavaScript warning: https://ajax.googleapis.com/ajax/libs/jquery/1.10.2/jquery.min.js, line 1: Using //@ to indicate sourceMappingURL pragmas is deprecated. Use //# instead
JavaScript warning: https://www.googletagmanager.com/gtag/js?id=UA-108689029-1, line 69: unreachable code after return statement
JavaScript warning: https://www.googletagmanager.com/gtag/js?id=UA-108689029-1, line 69: unreachable code after return statement
1517928080019	geckodriver	INFO	geckodriver 0.19.1
1517928080026	geckodriver	INFO	Listening on 127.0.0.1:43109
1517928081173	mozrunner::runner	INFO	Running command: "/usr/bin/firefox" "-marionette" "-profile" "/tmp/rust_mozprofile.XWTZaBHMw8uc"
1517928083305	Marionette	INFO	Enabled via --marionette
1517928086558	Marionette	INFO	Listening on port 34009
1517928086605	Marionette	WARN	TLS certificate errors will be ignored for this session
JavaScript warning: https://ajax.googleapis.com/ajax/libs/jquery/1.10.2/jquery.min.js, line 1: Using //@ to indicate sourceMappingURL pragmas is deprecated. Use //# instead
JavaScript warning: https://www.googletagmanager.com/gtag/js?id=UA-108689029-1, line 69: unreachable code after return statement
JavaScript warning: https://www.googletagmanager.com/gtag/js?id=UA-108689029-1, line 69: unreachable code after return statement
JavaScript warning: https://ajax.googleapis.com/ajax/libs/jquery/1.10.2/jquery.min.js, line 1: Using //@ to indicate sourceMappingURL pragmas is deprecated. Use //# instead
JavaScript warning: https://www.googletagmanager.com/gtag/js?id=UA-108689029-1, line 69: unreachable code after return statement
JavaScript warning: https://www.googletagmanager.com/gtag/js?id=UA-108689029-1, line 69: unreachable code after return statement
JavaScript warning: https://ajax.googleapis.com/ajax/libs/jquery/1.10.2/jquery.min.js, line 1: Using //@ to indicate sourceMappingURL pragmas is deprecated. Use //# instead
JavaScript warning: https://www.googletagmanager.com/gtag/js?id=UA-108689029-1, line 69: unreachable code after return statement
JavaScript warning: https://www.googletagmanager.com/gtag/js?id=UA-108689029-1, line 69: unreachable code after return statement
JavaScript warning: https://ajax.googleapis.com/ajax/libs/jquery/1.10.2/jquery.min.js, line 1: Using //@ to indicate sourceMappingURL pragmas is deprecated. Use //# instead
JavaScript warning: https://www.googletagmanager.com/gtag/js?id=UA-108689029-1, line 69: unreachable code after return statement
JavaScript warning: https://www.googletagmanager.com/gtag/js?id=UA-108689029-1, line 69: unreachable code after return statement
1518102645662	geckodriver	INFO	geckodriver 0.19.1
1518102645671	geckodriver	INFO	Listening on 127.0.0.1:42885
1518102646827	mozrunner::runner	INFO	Running command: "/usr/bin/firefox" "-marionette" "-profile" "/tmp/rust_mozprofile.zGjzjbNPkq8S"
1518102652598	Marionette	INFO	Enabled via --marionette
1518102659407	Marionette	INFO	Listening on port 39717
1518102659706	Marionette	WARN	TLS certificate errors will be ignored for this session
JavaScript warning: https://ajax.googleapis.com/ajax/libs/jquery/1.10.2/jquery.min.js, line 1: Using //@ to indicate sourceMappingURL pragmas is deprecated. Use //# instead
JavaScript warning: https://www.googletagmanager.com/gtag/js?id=UA-108689029-1, line 67: unreachable code after return statement
JavaScript warning: https://www.googletagmanager.com/gtag/js?id=UA-108689029-1, line 67: unreachable code after return statement
JavaScript warning: https://ajax.googleapis.com/ajax/libs/jquery/1.10.2/jquery.min.js, line 1: Using //@ to indicate sourceMappingURL pragmas is deprecated. Use //# instead
JavaScript warning: https://www.googletagmanager.com/gtag/js?id=UA-108689029-1, line 67: unreachable code after return statement
JavaScript warning: https://www.googletagmanager.com/gtag/js?id=UA-108689029-1, line 67: unreachable code after return statement
JavaScript warning: https://ajax.googleapis.com/ajax/libs/jquery/1.10.2/jquery.min.js, line 1: Using //@ to indicate sourceMappingURL pragmas is deprecated. Use //# instead
JavaScript warning: https://www.googletagmanager.com/gtag/js?id=UA-108689029-1, line 67: unreachable code after return statement
JavaScript warning: https://www.googletagmanager.com/gtag/js?id=UA-108689029-1, line 67: unreachable code after return statement
JavaScript warning: https://ajax.googleapis.com/ajax/libs/jquery/1.10.2/jquery.min.js, line 1: Using //@ to indicate sourceMappingURL pragmas is deprecated. Use //# instead
JavaScript warning: https://www.googletagmanager.com/gtag/js?id=UA-108689029-1, line 67: unreachable code after return statement
JavaScript warning: https://www.googletagmanager.com/gtag/js?id=UA-108689029-1, line 67: unreachable code after return statement
1518102806377	geckodriver	INFO	geckodriver 0.19.1
1518102806380	geckodriver	INFO	Listening on 127.0.0.1:56933
1518102807510	mozrunner::runner	INFO	Running command: "/usr/bin/firefox" "-marionette" "-profile" "/tmp/rust_mozprofile.hK9SAiTRg80X"
1518102808573	Marionette	INFO	Enabled via --marionette
1518102811480	Marionette	INFO	Listening on port 33387
1518102811533	Marionette	WARN	TLS certificate errors will be ignored for this session
JavaScript warning: https://ajax.googleapis.com/ajax/libs/jquery/1.10.2/jquery.min.js, line 1: Using //@ to indicate sourceMappingURL pragmas is deprecated. Use //# instead
JavaScript warning: https://www.googletagmanager.com/gtag/js?id=UA-108689029-1, line 67: unreachable code after return statement
JavaScript warning: https://www.googletagmanager.com/gtag/js?id=UA-108689029-1, line 67: unreachable code after return statement
JavaScript warning: https://ajax.googleapis.com/ajax/libs/jquery/1.10.2/jquery.min.js, line 1: Using //@ to indicate sourceMappingURL pragmas is deprecated. Use //# instead
JavaScript warning: https://www.googletagmanager.com/gtag/js?id=UA-108689029-1, line 67: unreachable code after return statement
JavaScript warning: https://www.googletagmanager.com/gtag/js?id=UA-108689029-1, line 67: unreachable code after return statement
JavaScript warning: https://ajax.googleapis.com/ajax/libs/jquery/1.10.2/jquery.min.js, line 1: Using //@ to indicate sourceMappingURL pragmas is deprecated. Use //# instead
JavaScript warning: https://www.googletagmanager.com/gtag/js?id=UA-108689029-1, line 67: unreachable code after return statement
JavaScript warning: https://www.googletagmanager.com/gtag/js?id=UA-108689029-1, line 67: unreachable code after return statement
1518102867079	geckodriver	INFO	geckodriver 0.19.1
1518102867083	geckodriver	INFO	Listening on 127.0.0.1:36687
1518102868209	mozrunner::runner	INFO	Running command: "/usr/bin/firefox" "-marionette" "-profile" "/tmp/rust_mozprofile.1sDmDEjAKSTn"
1518102869233	Marionette	INFO	Enabled via --marionette
1518102872366	Marionette	INFO	Listening on port 35111
1518102872439	Marionette	WARN	TLS certificate errors will be ignored for this session
JavaScript warning: https://ajax.googleapis.com/ajax/libs/jquery/1.10.2/jquery.min.js, line 1: Using //@ to indicate sourceMappingURL pragmas is deprecated. Use //# instead
JavaScript warning: https://www.googletagmanager.com/gtag/js?id=UA-108689029-1, line 67: unreachable code after return statement
JavaScript warning: https://www.googletagmanager.com/gtag/js?id=UA-108689029-1, line 67: unreachable code after return statement
JavaScript warning: https://ajax.googleapis.com/ajax/libs/jquery/1.10.2/jquery.min.js, line 1: Using //@ to indicate sourceMappingURL pragmas is deprecated. Use //# instead
JavaScript warning: https://www.googletagmanager.com/gtag/js?id=UA-108689029-1, line 67: unreachable code after return statement
JavaScript warning: https://www.googletagmanager.com/gtag/js?id=UA-108689029-1, line 67: unreachable code after return statement
JavaScript warning: https://ajax.googleapis.com/ajax/libs/jquery/1.10.2/jquery.min.js, line 1: Using //@ to indicate sourceMappingURL pragmas is deprecated. Use //# instead
JavaScript warning: https://www.googletagmanager.com/gtag/js?id=UA-108689029-1, line 67: unreachable code after return statement
JavaScript warning: https://www.googletagmanager.com/gtag/js?id=UA-108689029-1, line 67: unreachable code after return statement
JavaScript warning: https://ajax.googleapis.com/ajax/libs/jquery/1.10.2/jquery.min.js, line 1: Using //@ to indicate sourceMappingURL pragmas is deprecated. Use //# instead
JavaScript warning: https://www.googletagmanager.com/gtag/js?id=UA-108689029-1, line 67: unreachable code after return statement
JavaScript warning: https://www.googletagmanager.com/gtag/js?id=UA-108689029-1, line 67: unreachable code after return statement
1518431244877	geckodriver	INFO	geckodriver 0.19.1
1518431244918	geckodriver	INFO	Listening on 127.0.0.1:44809
1518431246194	mozrunner::runner	INFO	Running command: "/usr/bin/firefox" "-marionette" "-profile" "/tmp/rust_mozprofile.1PDDDd7Za29y"
1518431253177	Marionette	INFO	Enabled via --marionette
1518431259112	Marionette	INFO	Listening on port 33531
1518431259239	Marionette	WARN	TLS certificate errors will be ignored for this session
JavaScript warning: https://ajax.googleapis.com/ajax/libs/jquery/1.10.2/jquery.min.js, line 1: Using //@ to indicate sourceMappingURL pragmas is deprecated. Use //# instead
JavaScript warning: https://www.googletagmanager.com/gtag/js?id=UA-108689029-1, line 67: unreachable code after return statement
JavaScript warning: https://www.googletagmanager.com/gtag/js?id=UA-108689029-1, line 67: unreachable code after return statement
JavaScript warning: https://ajax.googleapis.com/ajax/libs/jquery/1.10.2/jquery.min.js, line 1: Using //@ to indicate sourceMappingURL pragmas is deprecated. Use //# instead
JavaScript warning: https://www.googletagmanager.com/gtag/js?id=UA-108689029-1, line 67: unreachable code after return statement
JavaScript warning: https://www.googletagmanager.com/gtag/js?id=UA-108689029-1, line 67: unreachable code after return statement
JavaScript warning: https://ajax.googleapis.com/ajax/libs/jquery/1.10.2/jquery.min.js, line 1: Using //@ to indicate sourceMappingURL pragmas is deprecated. Use //# instead
JavaScript warning: https://www.googletagmanager.com/gtag/js?id=UA-108689029-1, line 67: unreachable code after return statement
JavaScript warning: https://www.googletagmanager.com/gtag/js?id=UA-108689029-1, line 67: unreachable code after return statement
JavaScript warning: https://ajax.googleapis.com/ajax/libs/jquery/1.10.2/jquery.min.js, line 1: Using //@ to indicate sourceMappingURL pragmas is deprecated. Use //# instead
JavaScript warning: https://www.googletagmanager.com/gtag/js?id=UA-108689029-1, line 67: unreachable code after return statement
JavaScript warning: https://www.googletagmanager.com/gtag/js?id=UA-108689029-1, line 67: unreachable code after return statement
1518431411385	geckodriver	INFO	geckodriver 0.19.1
1518431411389	geckodriver	INFO	Listening on 127.0.0.1:60281
1518431412519	mozrunner::runner	INFO	Running command: "/usr/bin/firefox" "-marionette" "-profile" "/tmp/rust_mozprofile.Br0xuAmLvX8P"
1518431413421	Marionette	INFO	Enabled via --marionette
1518431416452	Marionette	INFO	Listening on port 33837
1518431416533	Marionette	WARN	TLS certificate errors will be ignored for this session
JavaScript warning: https://ajax.googleapis.com/ajax/libs/jquery/1.10.2/jquery.min.js, line 1: Using //@ to indicate sourceMappingURL pragmas is deprecated. Use //# instead
JavaScript warning: https://www.googletagmanager.com/gtag/js?id=UA-108689029-1, line 67: unreachable code after return statement
JavaScript warning: https://www.googletagmanager.com/gtag/js?id=UA-108689029-1, line 67: unreachable code after return statement
JavaScript warning: https://ajax.googleapis.com/ajax/libs/jquery/1.10.2/jquery.min.js, line 1: Using //@ to indicate sourceMappingURL pragmas is deprecated. Use //# instead
JavaScript warning: https://www.googletagmanager.com/gtag/js?id=UA-108689029-1, line 67: unreachable code after return statement
JavaScript warning: https://www.googletagmanager.com/gtag/js?id=UA-108689029-1, line 67: unreachable code after return statement
JavaScript warning: https://ajax.googleapis.com/ajax/libs/jquery/1.10.2/jquery.min.js, line 1: Using //@ to indicate sourceMappingURL pragmas is deprecated. Use //# instead
JavaScript warning: https://www.googletagmanager.com/gtag/js?id=UA-108689029-1, line 67: unreachable code after return statement
JavaScript warning: https://www.googletagmanager.com/gtag/js?id=UA-108689029-1, line 67: unreachable code after return statement
JavaScript warning: https://ajax.googleapis.com/ajax/libs/jquery/1.10.2/jquery.min.js, line 1: Using //@ to indicate sourceMappingURL pragmas is deprecated. Use //# instead
JavaScript warning: https://www.googletagmanager.com/gtag/js?id=UA-108689029-1, line 67: unreachable code after return statement
JavaScript warning: https://www.googletagmanager.com/gtag/js?id=UA-108689029-1, line 67: unreachable code after return statement
1518431592759	geckodriver	INFO	geckodriver 0.19.1
1518431592762	geckodriver	INFO	Listening on 127.0.0.1:57333
1518431593882	mozrunner::runner	INFO	Running command: "/usr/bin/firefox" "-marionette" "-profile" "/tmp/rust_mozprofile.YQcWxjKd5Xjn"
1518431595396	Marionette	INFO	Enabled via --marionette
1518431598532	Marionette	INFO	Listening on port 34367
1518431598601	Marionette	WARN	TLS certificate errors will be ignored for this session
JavaScript warning: https://ajax.googleapis.com/ajax/libs/jquery/1.10.2/jquery.min.js, line 1: Using //@ to indicate sourceMappingURL pragmas is deprecated. Use //# instead
JavaScript warning: https://www.googletagmanager.com/gtag/js?id=UA-108689029-1, line 67: unreachable code after return statement
JavaScript warning: https://www.googletagmanager.com/gtag/js?id=UA-108689029-1, line 67: unreachable code after return statement
JavaScript warning: https://ajax.googleapis.com/ajax/libs/jquery/1.10.2/jquery.min.js, line 1: Using //@ to indicate sourceMappingURL pragmas is deprecated. Use //# instead
JavaScript warning: https://www.googletagmanager.com/gtag/js?id=UA-108689029-1, line 67: unreachable code after return statement
JavaScript warning: https://www.googletagmanager.com/gtag/js?id=UA-108689029-1, line 67: unreachable code after return statement
1518431658439	geckodriver	INFO	geckodriver 0.19.1
1518431658443	geckodriver	INFO	Listening on 127.0.0.1:45807
1518431659616	mozrunner::runner	INFO	Running command: "/usr/bin/firefox" "-marionette" "-profile" "/tmp/rust_mozprofile.3nhNmLglXnXF"
1518431660832	Marionette	INFO	Enabled via --marionette
1518431664903	Marionette	INFO	Listening on port 32895
1518431664936	Marionette	WARN	TLS certificate errors will be ignored for this session
JavaScript warning: https://ajax.googleapis.com/ajax/libs/jquery/1.10.2/jquery.min.js, line 1: Using //@ to indicate sourceMappingURL pragmas is deprecated. Use //# instead
JavaScript warning: https://www.googletagmanager.com/gtag/js?id=UA-108689029-1, line 67: unreachable code after return statement
JavaScript warning: https://www.googletagmanager.com/gtag/js?id=UA-108689029-1, line 67: unreachable code after return statement
JavaScript warning: https://ajax.googleapis.com/ajax/libs/jquery/1.10.2/jquery.min.js, line 1: Using //@ to indicate sourceMappingURL pragmas is deprecated. Use //# instead
JavaScript warning: https://www.googletagmanager.com/gtag/js?id=UA-108689029-1, line 67: unreachable code after return statement
JavaScript warning: https://www.googletagmanager.com/gtag/js?id=UA-108689029-1, line 67: unreachable code after return statement
JavaScript warning: https://ajax.googleapis.com/ajax/libs/jquery/1.10.2/jquery.min.js, line 1: Using //@ to indicate sourceMappingURL pragmas is deprecated. Use //# instead
JavaScript warning: https://www.googletagmanager.com/gtag/js?id=UA-108689029-1, line 67: unreachable code after return statement
JavaScript warning: https://www.googletagmanager.com/gtag/js?id=UA-108689029-1, line 67: unreachable code after return statement
1518433091437	geckodriver	INFO	geckodriver 0.19.1
1518433091441	geckodriver	INFO	Listening on 127.0.0.1:53433
1518433092633	mozrunner::runner	INFO	Running command: "/usr/bin/firefox" "-marionette" "-profile" "/tmp/rust_mozprofile.kagafu9iVIg5"
1518433093550	Marionette	INFO	Enabled via --marionette
1518433096841	Marionette	INFO	Listening on port 35275
1518433096870	Marionette	WARN	TLS certificate errors will be ignored for this session
JavaScript warning: https://ajax.googleapis.com/ajax/libs/jquery/1.10.2/jquery.min.js, line 1: Using //@ to indicate sourceMappingURL pragmas is deprecated. Use //# instead
JavaScript warning: https://www.googletagmanager.com/gtag/js?id=UA-108689029-1, line 67: unreachable code after return statement
JavaScript warning: https://www.googletagmanager.com/gtag/js?id=UA-108689029-1, line 67: unreachable code after return statement
JavaScript warning: https://ajax.googleapis.com/ajax/libs/jquery/1.10.2/jquery.min.js, line 1: Using //@ to indicate sourceMappingURL pragmas is deprecated. Use //# instead
JavaScript warning: https://www.googletagmanager.com/gtag/js?id=UA-108689029-1, line 67: unreachable code after return statement
JavaScript warning: https://www.googletagmanager.com/gtag/js?id=UA-108689029-1, line 67: unreachable code after return statement
JavaScript warning: https://ajax.googleapis.com/ajax/libs/jquery/1.10.2/jquery.min.js, line 1: Using //@ to indicate sourceMappingURL pragmas is deprecated. Use //# instead
JavaScript warning: https://www.googletagmanager.com/gtag/js?id=UA-108689029-1, line 67: unreachable code after return statement
JavaScript warning: https://www.googletagmanager.com/gtag/js?id=UA-108689029-1, line 67: unreachable code after return statement
JavaScript warning: https://ajax.googleapis.com/ajax/libs/jquery/1.10.2/jquery.min.js, line 1: Using //@ to indicate sourceMappingURL pragmas is deprecated. Use //# instead
JavaScript warning: https://www.googletagmanager.com/gtag/js?id=UA-108689029-1, line 67: unreachable code after return statement
JavaScript warning: https://www.googletagmanager.com/gtag/js?id=UA-108689029-1, line 67: unreachable code after return statement
1518433371428	geckodriver	INFO	geckodriver 0.19.1
1518433371431	geckodriver	INFO	Listening on 127.0.0.1:47773
1518433372577	mozrunner::runner	INFO	Running command: "/usr/bin/firefox" "-marionette" "-profile" "/tmp/rust_mozprofile.FSame5sHV3RB"
1518433373550	Marionette	INFO	Enabled via --marionette
1518433376832	Marionette	INFO	Listening on port 44785
1518433376897	Marionette	WARN	TLS certificate errors will be ignored for this session
JavaScript warning: https://ajax.googleapis.com/ajax/libs/jquery/1.10.2/jquery.min.js, line 1: Using //@ to indicate sourceMappingURL pragmas is deprecated. Use //# instead
JavaScript warning: https://www.googletagmanager.com/gtag/js?id=UA-108689029-1, line 67: unreachable code after return statement
JavaScript warning: https://www.googletagmanager.com/gtag/js?id=UA-108689029-1, line 67: unreachable code after return statement
JavaScript warning: https://ajax.googleapis.com/ajax/libs/jquery/1.10.2/jquery.min.js, line 1: Using //@ to indicate sourceMappingURL pragmas is deprecated. Use //# instead
JavaScript warning: https://www.googletagmanager.com/gtag/js?id=UA-108689029-1, line 67: unreachable code after return statement
JavaScript warning: https://www.googletagmanager.com/gtag/js?id=UA-108689029-1, line 67: unreachable code after return statement
JavaScript warning: https://ajax.googleapis.com/ajax/libs/jquery/1.10.2/jquery.min.js, line 1: Using //@ to indicate sourceMappingURL pragmas is deprecated. Use //# instead
JavaScript warning: https://www.googletagmanager.com/gtag/js?id=UA-108689029-1, line 67: unreachable code after return statement
JavaScript warning: https://www.googletagmanager.com/gtag/js?id=UA-108689029-1, line 67: unreachable code after return statement
JavaScript warning: https://ajax.googleapis.com/ajax/libs/jquery/1.10.2/jquery.min.js, line 1: Using //@ to indicate sourceMappingURL pragmas is deprecated. Use //# instead
JavaScript warning: https://www.googletagmanager.com/gtag/js?id=UA-108689029-1, line 67: unreachable code after return statement
JavaScript warning: https://www.googletagmanager.com/gtag/js?id=UA-108689029-1, line 67: unreachable code after return statement
1518612919401	geckodriver	INFO	geckodriver 0.19.1
1518612919428	geckodriver	INFO	Listening on 127.0.0.1:50829
1518612920718	mozrunner::runner	INFO	Running command: "/usr/bin/firefox" "-marionette" "-profile" "/tmp/rust_mozprofile.tffLtizTucGJ"
1518612927712	Marionette	INFO	Enabled via --marionette
1518612933415	Marionette	INFO	Listening on port 43075
1518612933488	Marionette	WARN	TLS certificate errors will be ignored for this session
JavaScript warning: https://ajax.googleapis.com/ajax/libs/jquery/1.10.2/jquery.min.js, line 1: Using //@ to indicate sourceMappingURL pragmas is deprecated. Use //# instead
JavaScript warning: https://www.googletagmanager.com/gtag/js?id=UA-108689029-1, line 67: unreachable code after return statement
JavaScript warning: https://www.googletagmanager.com/gtag/js?id=UA-108689029-1, line 67: unreachable code after return statement
JavaScript warning: https://ajax.googleapis.com/ajax/libs/jquery/1.10.2/jquery.min.js, line 1: Using //@ to indicate sourceMappingURL pragmas is deprecated. Use //# instead
JavaScript warning: https://www.googletagmanager.com/gtag/js?id=UA-108689029-1, line 67: unreachable code after return statement
JavaScript warning: https://www.googletagmanager.com/gtag/js?id=UA-108689029-1, line 67: unreachable code after return statement
JavaScript warning: https://ajax.googleapis.com/ajax/libs/jquery/1.10.2/jquery.min.js, line 1: Using //@ to indicate sourceMappingURL pragmas is deprecated. Use //# instead
JavaScript warning: https://www.googletagmanager.com/gtag/js?id=UA-108689029-1, line 67: unreachable code after return statement
JavaScript warning: https://www.googletagmanager.com/gtag/js?id=UA-108689029-1, line 67: unreachable code after return statement
JavaScript warning: https://ajax.googleapis.com/ajax/libs/jquery/1.10.2/jquery.min.js, line 1: Using //@ to indicate sourceMappingURL pragmas is deprecated. Use //# instead
JavaScript warning: https://www.googletagmanager.com/gtag/js?id=UA-108689029-1, line 67: unreachable code after return statement
JavaScript warning: https://www.googletagmanager.com/gtag/js?id=UA-108689029-1, line 67: unreachable code after return statement
1518613097921	geckodriver	INFO	geckodriver 0.19.1
1518613097924	geckodriver	INFO	Listening on 127.0.0.1:60985
1518613099053	mozrunner::runner	INFO	Running command: "/usr/bin/firefox" "-marionette" "-profile" "/tmp/rust_mozprofile.A9b2mhE13BH4"
1518613099962	Marionette	INFO	Enabled via --marionette
1518613102776	Marionette	INFO	Listening on port 39003
1518613102867	Marionette	WARN	TLS certificate errors will be ignored for this session
JavaScript warning: https://ajax.googleapis.com/ajax/libs/jquery/1.10.2/jquery.min.js, line 1: Using //@ to indicate sourceMappingURL pragmas is deprecated. Use //# instead
JavaScript warning: https://www.googletagmanager.com/gtag/js?id=UA-108689029-1, line 67: unreachable code after return statement
JavaScript warning: https://www.googletagmanager.com/gtag/js?id=UA-108689029-1, line 67: unreachable code after return statement
JavaScript warning: https://ajax.googleapis.com/ajax/libs/jquery/1.10.2/jquery.min.js, line 1: Using //@ to indicate sourceMappingURL pragmas is deprecated. Use //# instead
JavaScript warning: https://www.googletagmanager.com/gtag/js?id=UA-108689029-1, line 67: unreachable code after return statement
JavaScript warning: https://www.googletagmanager.com/gtag/js?id=UA-108689029-1, line 67: unreachable code after return statement
JavaScript warning: https://ajax.googleapis.com/ajax/libs/jquery/1.10.2/jquery.min.js, line 1: Using //@ to indicate sourceMappingURL pragmas is deprecated. Use //# instead
JavaScript warning: https://www.googletagmanager.com/gtag/js?id=UA-108689029-1, line 67: unreachable code after return statement
JavaScript warning: https://www.googletagmanager.com/gtag/js?id=UA-108689029-1, line 67: unreachable code after return statement
JavaScript warning: https://ajax.googleapis.com/ajax/libs/jquery/1.10.2/jquery.min.js, line 1: Using //@ to indicate sourceMappingURL pragmas is deprecated. Use //# instead
JavaScript warning: https://www.googletagmanager.com/gtag/js?id=UA-108689029-1, line 67: unreachable code after return statement
JavaScript warning: https://www.googletagmanager.com/gtag/js?id=UA-108689029-1, line 67: unreachable code after return statement
1518614411303	geckodriver	INFO	geckodriver 0.19.1
1518614411307	geckodriver	INFO	Listening on 127.0.0.1:57841
1518614412434	mozrunner::runner	INFO	Running command: "/usr/bin/firefox" "-marionette" "-profile" "/tmp/rust_mozprofile.AwxRoURqt7z5"
1518614413416	Marionette	INFO	Enabled via --marionette
1518614416265	Marionette	INFO	Listening on port 38071
1518614416352	Marionette	WARN	TLS certificate errors will be ignored for this session
JavaScript warning: https://ajax.googleapis.com/ajax/libs/jquery/1.10.2/jquery.min.js, line 1: Using //@ to indicate sourceMappingURL pragmas is deprecated. Use //# instead
JavaScript warning: https://www.googletagmanager.com/gtag/js?id=UA-108689029-1, line 67: unreachable code after return statement
JavaScript warning: https://www.googletagmanager.com/gtag/js?id=UA-108689029-1, line 67: unreachable code after return statement
JavaScript warning: https://ajax.googleapis.com/ajax/libs/jquery/1.10.2/jquery.min.js, line 1: Using //@ to indicate sourceMappingURL pragmas is deprecated. Use //# instead
JavaScript warning: https://www.googletagmanager.com/gtag/js?id=UA-108689029-1, line 67: unreachable code after return statement
JavaScript warning: https://www.googletagmanager.com/gtag/js?id=UA-108689029-1, line 67: unreachable code after return statement
1518614574239	geckodriver	INFO	geckodriver 0.19.1
1518614574247	geckodriver	INFO	Listening on 127.0.0.1:58205
1518614575381	mozrunner::runner	INFO	Running command: "/usr/bin/firefox" "-marionette" "-profile" "/tmp/rust_mozprofile.K19pF5QarT6C"
1518614577436	Marionette	INFO	Enabled via --marionette
1518614580407	Marionette	INFO	Listening on port 45963
1518614580512	Marionette	WARN	TLS certificate errors will be ignored for this session
JavaScript warning: https://ajax.googleapis.com/ajax/libs/jquery/1.10.2/jquery.min.js, line 1: Using //@ to indicate sourceMappingURL pragmas is deprecated. Use //# instead
JavaScript warning: https://www.googletagmanager.com/gtag/js?id=UA-108689029-1, line 67: unreachable code after return statement
JavaScript warning: https://www.googletagmanager.com/gtag/js?id=UA-108689029-1, line 67: unreachable code after return statement
JavaScript warning: https://ajax.googleapis.com/ajax/libs/jquery/1.10.2/jquery.min.js, line 1: Using //@ to indicate sourceMappingURL pragmas is deprecated. Use //# instead
JavaScript warning: https://www.googletagmanager.com/gtag/js?id=UA-108689029-1, line 67: unreachable code after return statement
JavaScript warning: https://www.googletagmanager.com/gtag/js?id=UA-108689029-1, line 67: unreachable code after return statement
JavaScript warning: https://ajax.googleapis.com/ajax/libs/jquery/1.10.2/jquery.min.js, line 1: Using //@ to indicate sourceMappingURL pragmas is deprecated. Use //# instead
JavaScript warning: https://www.googletagmanager.com/gtag/js?id=UA-108689029-1, line 67: unreachable code after return statement
JavaScript warning: https://www.googletagmanager.com/gtag/js?id=UA-108689029-1, line 67: unreachable code after return statement
JavaScript warning: https://ajax.googleapis.com/ajax/libs/jquery/1.10.2/jquery.min.js, line 1: Using //@ to indicate sourceMappingURL pragmas is deprecated. Use //# instead
JavaScript warning: https://www.googletagmanager.com/gtag/js?id=UA-108689029-1, line 67: unreachable code after return statement
JavaScript warning: https://www.googletagmanager.com/gtag/js?id=UA-108689029-1, line 67: unreachable code after return statement
1518614705210	geckodriver	INFO	geckodriver 0.19.1
1518614705213	geckodriver	INFO	Listening on 127.0.0.1:43507
1518614706358	mozrunner::runner	INFO	Running command: "/usr/bin/firefox" "-marionette" "-profile" "/tmp/rust_mozprofile.wgcffrUSzWPZ"
1518614707360	Marionette	INFO	Enabled via --marionette
1518614710298	Marionette	INFO	Listening on port 38807
1518614710375	Marionette	WARN	TLS certificate errors will be ignored for this session
JavaScript warning: https://ajax.googleapis.com/ajax/libs/jquery/1.10.2/jquery.min.js, line 1: Using //@ to indicate sourceMappingURL pragmas is deprecated. Use //# instead
JavaScript warning: https://www.googletagmanager.com/gtag/js?id=UA-108689029-1, line 67: unreachable code after return statement
JavaScript warning: https://www.googletagmanager.com/gtag/js?id=UA-108689029-1, line 67: unreachable code after return statement
JavaScript warning: https://ajax.googleapis.com/ajax/libs/jquery/1.10.2/jquery.min.js, line 1: Using //@ to indicate sourceMappingURL pragmas is deprecated. Use //# instead
JavaScript warning: https://www.googletagmanager.com/gtag/js?id=UA-108689029-1, line 67: unreachable code after return statement
JavaScript warning: https://www.googletagmanager.com/gtag/js?id=UA-108689029-1, line 67: unreachable code after return statement
JavaScript warning: https://ajax.googleapis.com/ajax/libs/jquery/1.10.2/jquery.min.js, line 1: Using //@ to indicate sourceMappingURL pragmas is deprecated. Use //# instead
JavaScript warning: https://www.googletagmanager.com/gtag/js?id=UA-108689029-1, line 67: unreachable code after return statement
JavaScript warning: https://www.googletagmanager.com/gtag/js?id=UA-108689029-1, line 67: unreachable code after return statement
JavaScript warning: https://ajax.googleapis.com/ajax/libs/jquery/1.10.2/jquery.min.js, line 1: Using //@ to indicate sourceMappingURL pragmas is deprecated. Use //# instead
JavaScript warning: https://www.googletagmanager.com/gtag/js?id=UA-108689029-1, line 67: unreachable code after return statement
JavaScript warning: https://www.googletagmanager.com/gtag/js?id=UA-108689029-1, line 67: unreachable code after return statement
1518614892332	geckodriver	INFO	geckodriver 0.19.1
1518614892337	geckodriver	INFO	Listening on 127.0.0.1:43685
1518614893468	mozrunner::runner	INFO	Running command: "/usr/bin/firefox" "-marionette" "-profile" "/tmp/rust_mozprofile.wO3yO6Q2m46g"
1518614894492	Marionette	INFO	Enabled via --marionette
1518614897446	Marionette	INFO	Listening on port 36021
1518614897487	Marionette	WARN	TLS certificate errors will be ignored for this session
JavaScript warning: https://ajax.googleapis.com/ajax/libs/jquery/1.10.2/jquery.min.js, line 1: Using //@ to indicate sourceMappingURL pragmas is deprecated. Use //# instead
JavaScript warning: https://www.googletagmanager.com/gtag/js?id=UA-108689029-1, line 67: unreachable code after return statement
JavaScript warning: https://www.googletagmanager.com/gtag/js?id=UA-108689029-1, line 67: unreachable code after return statement
JavaScript warning: https://ajax.googleapis.com/ajax/libs/jquery/1.10.2/jquery.min.js, line 1: Using //@ to indicate sourceMappingURL pragmas is deprecated. Use //# instead
JavaScript warning: https://www.googletagmanager.com/gtag/js?id=UA-108689029-1, line 67: unreachable code after return statement
JavaScript warning: https://www.googletagmanager.com/gtag/js?id=UA-108689029-1, line 67: unreachable code after return statement
JavaScript warning: https://ajax.googleapis.com/ajax/libs/jquery/1.10.2/jquery.min.js, line 1: Using //@ to indicate sourceMappingURL pragmas is deprecated. Use //# instead
JavaScript warning: https://www.googletagmanager.com/gtag/js?id=UA-108689029-1, line 67: unreachable code after return statement
JavaScript warning: https://www.googletagmanager.com/gtag/js?id=UA-108689029-1, line 67: unreachable code after return statement
JavaScript warning: https://ajax.googleapis.com/ajax/libs/jquery/1.10.2/jquery.min.js, line 1: Using //@ to indicate sourceMappingURL pragmas is deprecated. Use //# instead
JavaScript warning: https://www.googletagmanager.com/gtag/js?id=UA-108689029-1, line 67: unreachable code after return statement
JavaScript warning: https://www.googletagmanager.com/gtag/js?id=UA-108689029-1, line 67: unreachable code after return statement
1518615101766	geckodriver	INFO	geckodriver 0.19.1
1518615101770	geckodriver	INFO	Listening on 127.0.0.1:33609
1518615102929	mozrunner::runner	INFO	Running command: "/usr/bin/firefox" "-marionette" "-profile" "/tmp/rust_mozprofile.JI6HhKJKkiGC"
1518615103904	Marionette	INFO	Enabled via --marionette
1518615107039	Marionette	INFO	Listening on port 37731
1518615107064	Marionette	WARN	TLS certificate errors will be ignored for this session
JavaScript warning: https://ajax.googleapis.com/ajax/libs/jquery/1.10.2/jquery.min.js, line 1: Using //@ to indicate sourceMappingURL pragmas is deprecated. Use //# instead
JavaScript warning: https://www.googletagmanager.com/gtag/js?id=UA-108689029-1, line 67: unreachable code after return statement
JavaScript warning: https://www.googletagmanager.com/gtag/js?id=UA-108689029-1, line 67: unreachable code after return statement
JavaScript warning: https://ajax.googleapis.com/ajax/libs/jquery/1.10.2/jquery.min.js, line 1: Using //@ to indicate sourceMappingURL pragmas is deprecated. Use //# instead
JavaScript warning: https://www.googletagmanager.com/gtag/js?id=UA-108689029-1, line 67: unreachable code after return statement
JavaScript warning: https://www.googletagmanager.com/gtag/js?id=UA-108689029-1, line 67: unreachable code after return statement
JavaScript warning: https://ajax.googleapis.com/ajax/libs/jquery/1.10.2/jquery.min.js, line 1: Using //@ to indicate sourceMappingURL pragmas is deprecated. Use //# instead
JavaScript warning: https://www.googletagmanager.com/gtag/js?id=UA-108689029-1, line 67: unreachable code after return statement
JavaScript warning: https://www.googletagmanager.com/gtag/js?id=UA-108689029-1, line 67: unreachable code after return statement
JavaScript warning: https://ajax.googleapis.com/ajax/libs/jquery/1.10.2/jquery.min.js, line 1: Using //@ to indicate sourceMappingURL pragmas is deprecated. Use //# instead
JavaScript warning: https://www.googletagmanager.com/gtag/js?id=UA-108689029-1, line 67: unreachable code after return statement
JavaScript warning: https://www.googletagmanager.com/gtag/js?id=UA-108689029-1, line 67: unreachable code after return statement
1518615251579	geckodriver	INFO	geckodriver 0.19.1
1518615251584	geckodriver	INFO	Listening on 127.0.0.1:37537
1518615252720	mozrunner::runner	INFO	Running command: "/usr/bin/firefox" "-marionette" "-profile" "/tmp/rust_mozprofile.HVW4tIpcqb9s"
1518615253802	Marionette	INFO	Enabled via --marionette
1518615257127	Marionette	INFO	Listening on port 37159
1518615257153	Marionette	WARN	TLS certificate errors will be ignored for this session
JavaScript warning: https://ajax.googleapis.com/ajax/libs/jquery/1.10.2/jquery.min.js, line 1: Using //@ to indicate sourceMappingURL pragmas is deprecated. Use //# instead
JavaScript warning: https://www.googletagmanager.com/gtag/js?id=UA-108689029-1, line 67: unreachable code after return statement
JavaScript warning: https://www.googletagmanager.com/gtag/js?id=UA-108689029-1, line 67: unreachable code after return statement
JavaScript warning: https://ajax.googleapis.com/ajax/libs/jquery/1.10.2/jquery.min.js, line 1: Using //@ to indicate sourceMappingURL pragmas is deprecated. Use //# instead
JavaScript warning: https://www.googletagmanager.com/gtag/js?id=UA-108689029-1, line 67: unreachable code after return statement
JavaScript warning: https://www.googletagmanager.com/gtag/js?id=UA-108689029-1, line 67: unreachable code after return statement
JavaScript warning: https://ajax.googleapis.com/ajax/libs/jquery/1.10.2/jquery.min.js, line 1: Using //@ to indicate sourceMappingURL pragmas is deprecated. Use //# instead
JavaScript warning: https://www.googletagmanager.com/gtag/js?id=UA-108689029-1, line 67: unreachable code after return statement
JavaScript warning: https://www.googletagmanager.com/gtag/js?id=UA-108689029-1, line 67: unreachable code after return statement
JavaScript warning: https://ajax.googleapis.com/ajax/libs/jquery/1.10.2/jquery.min.js, line 1: Using //@ to indicate sourceMappingURL pragmas is deprecated. Use //# instead
JavaScript warning: https://www.googletagmanager.com/gtag/js?id=UA-108689029-1, line 67: unreachable code after return statement
JavaScript warning: https://www.googletagmanager.com/gtag/js?id=UA-108689029-1, line 67: unreachable code after return statement
1518615416892	geckodriver	INFO	geckodriver 0.19.1
1518615416896	geckodriver	INFO	Listening on 127.0.0.1:44957
1518615418065	mozrunner::runner	INFO	Running command: "/usr/bin/firefox" "-marionette" "-profile" "/tmp/rust_mozprofile.prOzH7AvB3wn"
1518615419200	Marionette	INFO	Enabled via --marionette
1518615423298	Marionette	INFO	Listening on port 42619
1518615423384	Marionette	WARN	TLS certificate errors will be ignored for this session
JavaScript warning: https://ajax.googleapis.com/ajax/libs/jquery/1.10.2/jquery.min.js, line 1: Using //@ to indicate sourceMappingURL pragmas is deprecated. Use //# instead
JavaScript warning: https://www.googletagmanager.com/gtag/js?id=UA-108689029-1, line 67: unreachable code after return statement
JavaScript warning: https://www.googletagmanager.com/gtag/js?id=UA-108689029-1, line 67: unreachable code after return statement
JavaScript warning: https://ajax.googleapis.com/ajax/libs/jquery/1.10.2/jquery.min.js, line 1: Using //@ to indicate sourceMappingURL pragmas is deprecated. Use //# instead
JavaScript warning: https://www.googletagmanager.com/gtag/js?id=UA-108689029-1, line 67: unreachable code after return statement
JavaScript warning: https://www.googletagmanager.com/gtag/js?id=UA-108689029-1, line 67: unreachable code after return statement
1518615583892	geckodriver	INFO	geckodriver 0.19.1
1518615583896	geckodriver	INFO	Listening on 127.0.0.1:48505
1518615585043	mozrunner::runner	INFO	Running command: "/usr/bin/firefox" "-marionette" "-profile" "/tmp/rust_mozprofile.tAR3ZeaanHZm"
1518615586048	Marionette	INFO	Enabled via --marionette
1518615589507	Marionette	INFO	Listening on port 37863
1518615589562	Marionette	WARN	TLS certificate errors will be ignored for this session
JavaScript warning: https://ajax.googleapis.com/ajax/libs/jquery/1.10.2/jquery.min.js, line 1: Using //@ to indicate sourceMappingURL pragmas is deprecated. Use //# instead
JavaScript warning: https://www.googletagmanager.com/gtag/js?id=UA-108689029-1, line 67: unreachable code after return statement
JavaScript warning: https://www.googletagmanager.com/gtag/js?id=UA-108689029-1, line 67: unreachable code after return statement
JavaScript warning: https://ajax.googleapis.com/ajax/libs/jquery/1.10.2/jquery.min.js, line 1: Using //@ to indicate sourceMappingURL pragmas is deprecated. Use //# instead
JavaScript warning: https://www.googletagmanager.com/gtag/js?id=UA-108689029-1, line 67: unreachable code after return statement
JavaScript warning: https://www.googletagmanager.com/gtag/js?id=UA-108689029-1, line 67: unreachable code after return statement
JavaScript warning: https://ajax.googleapis.com/ajax/libs/jquery/1.10.2/jquery.min.js, line 1: Using //@ to indicate sourceMappingURL pragmas is deprecated. Use //# instead
JavaScript warning: https://www.googletagmanager.com/gtag/js?id=UA-108689029-1, line 67: unreachable code after return statement
JavaScript warning: https://www.googletagmanager.com/gtag/js?id=UA-108689029-1, line 67: unreachable code after return statement
JavaScript warning: https://ajax.googleapis.com/ajax/libs/jquery/1.10.2/jquery.min.js, line 1: Using //@ to indicate sourceMappingURL pragmas is deprecated. Use //# instead
JavaScript warning: https://www.googletagmanager.com/gtag/js?id=UA-108689029-1, line 67: unreachable code after return statement
JavaScript warning: https://www.googletagmanager.com/gtag/js?id=UA-108689029-1, line 67: unreachable code after return statement
IPDL protocol error: Handler returned error code!

###!!! [Parent][DispatchAsyncMessage] Error: PLayerTransaction::Msg_ReleaseLayer Processing error: message was deserialized, but the handler returned false (indicating failure)

IPDL protocol error: Handler returned error code!

###!!! [Parent][DispatchAsyncMessage] Error: PLayerTransaction::Msg_ReleaseLayer Processing error: message was deserialized, but the handler returned false (indicating failure)

IPDL protocol error: Handler returned error code!

###!!! [Parent][DispatchAsyncMessage] Error: PLayerTransaction::Msg_ReleaseLayer Processing error: message was deserialized, but the handler returned false (indicating failure)

IPDL protocol error: Handler returned error code!

###!!! [Parent][DispatchAsyncMessage] Error: PLayerTransaction::Msg_ReleaseLayer Processing error: message was deserialized, but the handler returned false (indicating failure)

IPDL protocol error: Handler returned error code!

###!!! [Parent][DispatchAsyncMessage] Error: PLayerTransaction::Msg_ReleaseLayer Processing error: message was deserialized, but the handler returned false (indicating failure)

1518615900641	geckodriver	INFO	geckodriver 0.19.1
1518615900645	geckodriver	INFO	Listening on 127.0.0.1:55765
1518615901825	mozrunner::runner	INFO	Running command: "/usr/bin/firefox" "-marionette" "-profile" "/tmp/rust_mozprofile.2G066KP6mQob"
1518615902735	Marionette	INFO	Enabled via --marionette
1518615905953	Marionette	INFO	Listening on port 46805
1518615906041	Marionette	WARN	TLS certificate errors will be ignored for this session
JavaScript warning: https://ajax.googleapis.com/ajax/libs/jquery/1.10.2/jquery.min.js, line 1: Using //@ to indicate sourceMappingURL pragmas is deprecated. Use //# instead
JavaScript warning: https://www.googletagmanager.com/gtag/js?id=UA-108689029-1, line 67: unreachable code after return statement
JavaScript warning: https://www.googletagmanager.com/gtag/js?id=UA-108689029-1, line 67: unreachable code after return statement
JavaScript warning: https://ajax.googleapis.com/ajax/libs/jquery/1.10.2/jquery.min.js, line 1: Using //@ to indicate sourceMappingURL pragmas is deprecated. Use //# instead
JavaScript warning: https://www.googletagmanager.com/gtag/js?id=UA-108689029-1, line 67: unreachable code after return statement
JavaScript warning: https://www.googletagmanager.com/gtag/js?id=UA-108689029-1, line 67: unreachable code after return statement
JavaScript warning: https://ajax.googleapis.com/ajax/libs/jquery/1.10.2/jquery.min.js, line 1: Using //@ to indicate sourceMappingURL pragmas is deprecated. Use //# instead
JavaScript warning: https://www.googletagmanager.com/gtag/js?id=UA-108689029-1, line 67: unreachable code after return statement
JavaScript warning: https://www.googletagmanager.com/gtag/js?id=UA-108689029-1, line 67: unreachable code after return statement
JavaScript warning: https://ajax.googleapis.com/ajax/libs/jquery/1.10.2/jquery.min.js, line 1: Using //@ to indicate sourceMappingURL pragmas is deprecated. Use //# instead
JavaScript warning: https://www.googletagmanager.com/gtag/js?id=UA-108689029-1, line 67: unreachable code after return statement
JavaScript warning: https://www.googletagmanager.com/gtag/js?id=UA-108689029-1, line 67: unreachable code after return statement
1518615947091	geckodriver	INFO	geckodriver 0.19.1
1518615947095	geckodriver	INFO	Listening on 127.0.0.1:35225
1518615948255	mozrunner::runner	INFO	Running command: "/usr/bin/firefox" "-marionette" "-profile" "/tmp/rust_mozprofile.2gQLrGl9oRnS"
1518615949214	Marionette	INFO	Enabled via --marionette
1518615952358	Marionette	INFO	Listening on port 37035
1518615952372	Marionette	WARN	TLS certificate errors will be ignored for this session
JavaScript warning: https://ajax.googleapis.com/ajax/libs/jquery/1.10.2/jquery.min.js, line 1: Using //@ to indicate sourceMappingURL pragmas is deprecated. Use //# instead
JavaScript warning: https://www.googletagmanager.com/gtag/js?id=UA-108689029-1, line 67: unreachable code after return statement
JavaScript warning: https://www.googletagmanager.com/gtag/js?id=UA-108689029-1, line 67: unreachable code after return statement
JavaScript warning: https://ajax.googleapis.com/ajax/libs/jquery/1.10.2/jquery.min.js, line 1: Using //@ to indicate sourceMappingURL pragmas is deprecated. Use //# instead
JavaScript warning: https://www.googletagmanager.com/gtag/js?id=UA-108689029-1, line 67: unreachable code after return statement
JavaScript warning: https://www.googletagmanager.com/gtag/js?id=UA-108689029-1, line 67: unreachable code after return statement
JavaScript warning: https://ajax.googleapis.com/ajax/libs/jquery/1.10.2/jquery.min.js, line 1: Using //@ to indicate sourceMappingURL pragmas is deprecated. Use //# instead
JavaScript warning: https://www.googletagmanager.com/gtag/js?id=UA-108689029-1, line 67: unreachable code after return statement
JavaScript warning: https://www.googletagmanager.com/gtag/js?id=UA-108689029-1, line 67: unreachable code after return statement
JavaScript warning: https://ajax.googleapis.com/ajax/libs/jquery/1.10.2/jquery.min.js, line 1: Using //@ to indicate sourceMappingURL pragmas is deprecated. Use //# instead
JavaScript warning: https://www.googletagmanager.com/gtag/js?id=UA-108689029-1, line 67: unreachable code after return statement
JavaScript warning: https://www.googletagmanager.com/gtag/js?id=UA-108689029-1, line 67: unreachable code after return statement
1518616057607	geckodriver	INFO	geckodriver 0.19.1
1518616057610	geckodriver	INFO	Listening on 127.0.0.1:35611
1518616058737	mozrunner::runner	INFO	Running command: "/usr/bin/firefox" "-marionette" "-profile" "/tmp/rust_mozprofile.F9aAFaJuUTZz"
1518616059686	Marionette	INFO	Enabled via --marionette
1518616062998	Marionette	INFO	Listening on port 40455
1518616063053	Marionette	WARN	TLS certificate errors will be ignored for this session
JavaScript warning: https://ajax.googleapis.com/ajax/libs/jquery/1.10.2/jquery.min.js, line 1: Using //@ to indicate sourceMappingURL pragmas is deprecated. Use //# instead
JavaScript warning: https://www.googletagmanager.com/gtag/js?id=UA-108689029-1, line 67: unreachable code after return statement
JavaScript warning: https://www.googletagmanager.com/gtag/js?id=UA-108689029-1, line 67: unreachable code after return statement
JavaScript warning: https://ajax.googleapis.com/ajax/libs/jquery/1.10.2/jquery.min.js, line 1: Using //@ to indicate sourceMappingURL pragmas is deprecated. Use //# instead
JavaScript warning: https://www.googletagmanager.com/gtag/js?id=UA-108689029-1, line 67: unreachable code after return statement
JavaScript warning: https://www.googletagmanager.com/gtag/js?id=UA-108689029-1, line 67: unreachable code after return statement
JavaScript warning: https://ajax.googleapis.com/ajax/libs/jquery/1.10.2/jquery.min.js, line 1: Using //@ to indicate sourceMappingURL pragmas is deprecated. Use //# instead
JavaScript warning: https://www.googletagmanager.com/gtag/js?id=UA-108689029-1, line 67: unreachable code after return statement
JavaScript warning: https://www.googletagmanager.com/gtag/js?id=UA-108689029-1, line 67: unreachable code after return statement
1518616733534	geckodriver	INFO	geckodriver 0.19.1
1518616733538	geckodriver	INFO	Listening on 127.0.0.1:37517
1518616734667	mozrunner::runner	INFO	Running command: "/usr/bin/firefox" "-marionette" "-profile" "/tmp/rust_mozprofile.2xUfjRdq67XF"
1518616735646	Marionette	INFO	Enabled via --marionette
1518616738522	Marionette	INFO	Listening on port 39805
1518616738591	Marionette	WARN	TLS certificate errors will be ignored for this session
JavaScript warning: https://ajax.googleapis.com/ajax/libs/jquery/1.10.2/jquery.min.js, line 1: Using //@ to indicate sourceMappingURL pragmas is deprecated. Use //# instead
JavaScript warning: https://www.googletagmanager.com/gtag/js?id=UA-108689029-1, line 67: unreachable code after return statement
JavaScript warning: https://www.googletagmanager.com/gtag/js?id=UA-108689029-1, line 67: unreachable code after return statement
JavaScript warning: https://ajax.googleapis.com/ajax/libs/jquery/1.10.2/jquery.min.js, line 1: Using //@ to indicate sourceMappingURL pragmas is deprecated. Use //# instead
JavaScript warning: https://www.googletagmanager.com/gtag/js?id=UA-108689029-1, line 67: unreachable code after return statement
JavaScript warning: https://www.googletagmanager.com/gtag/js?id=UA-108689029-1, line 67: unreachable code after return statement
JavaScript warning: https://ajax.googleapis.com/ajax/libs/jquery/1.10.2/jquery.min.js, line 1: Using //@ to indicate sourceMappingURL pragmas is deprecated. Use //# instead
JavaScript warning: https://www.googletagmanager.com/gtag/js?id=UA-108689029-1, line 67: unreachable code after return statement
JavaScript warning: https://www.googletagmanager.com/gtag/js?id=UA-108689029-1, line 67: unreachable code after return statement
JavaScript warning: https://ajax.googleapis.com/ajax/libs/jquery/1.10.2/jquery.min.js, line 1: Using //@ to indicate sourceMappingURL pragmas is deprecated. Use //# instead
JavaScript warning: https://www.googletagmanager.com/gtag/js?id=UA-108689029-1, line 67: unreachable code after return statement
JavaScript warning: https://www.googletagmanager.com/gtag/js?id=UA-108689029-1, line 67: unreachable code after return statement
1518616893580	geckodriver	INFO	geckodriver 0.19.1
1518616893584	geckodriver	INFO	Listening on 127.0.0.1:49207
1518616894777	mozrunner::runner	INFO	Running command: "/usr/bin/firefox" "-marionette" "-profile" "/tmp/rust_mozprofile.BQXCePbIOrpt"
1518616896235	Marionette	INFO	Enabled via --marionette
1518616899876	Marionette	INFO	Listening on port 45257
1518616899908	Marionette	WARN	TLS certificate errors will be ignored for this session
JavaScript warning: https://ajax.googleapis.com/ajax/libs/jquery/1.10.2/jquery.min.js, line 1: Using //@ to indicate sourceMappingURL pragmas is deprecated. Use //# instead
JavaScript warning: https://www.googletagmanager.com/gtag/js?id=UA-108689029-1, line 67: unreachable code after return statement
JavaScript warning: https://www.googletagmanager.com/gtag/js?id=UA-108689029-1, line 67: unreachable code after return statement
JavaScript warning: https://ajax.googleapis.com/ajax/libs/jquery/1.10.2/jquery.min.js, line 1: Using //@ to indicate sourceMappingURL pragmas is deprecated. Use //# instead
JavaScript warning: https://www.googletagmanager.com/gtag/js?id=UA-108689029-1, line 67: unreachable code after return statement
JavaScript warning: https://www.googletagmanager.com/gtag/js?id=UA-108689029-1, line 67: unreachable code after return statement
JavaScript warning: https://ajax.googleapis.com/ajax/libs/jquery/1.10.2/jquery.min.js, line 1: Using //@ to indicate sourceMappingURL pragmas is deprecated. Use //# instead
JavaScript warning: https://www.googletagmanager.com/gtag/js?id=UA-108689029-1, line 67: unreachable code after return statement
JavaScript warning: https://www.googletagmanager.com/gtag/js?id=UA-108689029-1, line 67: unreachable code after return statement
JavaScript warning: https://ajax.googleapis.com/ajax/libs/jquery/1.10.2/jquery.min.js, line 1: Using //@ to indicate sourceMappingURL pragmas is deprecated. Use //# instead
JavaScript warning: https://www.googletagmanager.com/gtag/js?id=UA-108689029-1, line 67: unreachable code after return statement
JavaScript warning: https://www.googletagmanager.com/gtag/js?id=UA-108689029-1, line 67: unreachable code after return statement
1518617012264	geckodriver	INFO	geckodriver 0.19.1
1518617012269	geckodriver	INFO	Listening on 127.0.0.1:56573
1518617013495	mozrunner::runner	INFO	Running command: "/usr/bin/firefox" "-marionette" "-profile" "/tmp/rust_mozprofile.BUs2bEGARryt"
1518617015238	Marionette	INFO	Enabled via --marionette
1518617019849	Marionette	INFO	Listening on port 41271
1518617019953	Marionette	WARN	TLS certificate errors will be ignored for this session
JavaScript warning: https://ajax.googleapis.com/ajax/libs/jquery/1.10.2/jquery.min.js, line 1: Using //@ to indicate sourceMappingURL pragmas is deprecated. Use //# instead
JavaScript warning: https://www.googletagmanager.com/gtag/js?id=UA-108689029-1, line 67: unreachable code after return statement
JavaScript warning: https://www.googletagmanager.com/gtag/js?id=UA-108689029-1, line 67: unreachable code after return statement
JavaScript warning: https://ajax.googleapis.com/ajax/libs/jquery/1.10.2/jquery.min.js, line 1: Using //@ to indicate sourceMappingURL pragmas is deprecated. Use //# instead
JavaScript warning: https://www.googletagmanager.com/gtag/js?id=UA-108689029-1, line 67: unreachable code after return statement
JavaScript warning: https://www.googletagmanager.com/gtag/js?id=UA-108689029-1, line 67: unreachable code after return statement
JavaScript warning: https://ajax.googleapis.com/ajax/libs/jquery/1.10.2/jquery.min.js, line 1: Using //@ to indicate sourceMappingURL pragmas is deprecated. Use //# instead
JavaScript warning: https://www.googletagmanager.com/gtag/js?id=UA-108689029-1, line 67: unreachable code after return statement
JavaScript warning: https://www.googletagmanager.com/gtag/js?id=UA-108689029-1, line 67: unreachable code after return statement
JavaScript warning: https://ajax.googleapis.com/ajax/libs/jquery/1.10.2/jquery.min.js, line 1: Using //@ to indicate sourceMappingURL pragmas is deprecated. Use //# instead
JavaScript warning: https://www.googletagmanager.com/gtag/js?id=UA-108689029-1, line 67: unreachable code after return statement
JavaScript warning: https://www.googletagmanager.com/gtag/js?id=UA-108689029-1, line 67: unreachable code after return statement
1518880673793	geckodriver	INFO	geckodriver 0.19.1
1518880673819	geckodriver	INFO	Listening on 127.0.0.1:41891
1518880675221	mozrunner::runner	INFO	Running command: "/usr/bin/firefox" "-marionette" "-profile" "/tmp/rust_mozprofile.KOaWDItanApz"
1518880682420	Marionette	INFO	Enabled via --marionette
1518880688454	Marionette	INFO	Listening on port 33067
1518880688483	Marionette	WARN	TLS certificate errors will be ignored for this session
JavaScript warning: https://ajax.googleapis.com/ajax/libs/jquery/1.10.2/jquery.min.js, line 1: Using //@ to indicate sourceMappingURL pragmas is deprecated. Use //# instead
JavaScript warning: https://www.googletagmanager.com/gtag/js?id=UA-108689029-1, line 67: unreachable code after return statement
JavaScript warning: https://www.googletagmanager.com/gtag/js?id=UA-108689029-1, line 67: unreachable code after return statement
JavaScript warning: https://ajax.googleapis.com/ajax/libs/jquery/1.10.2/jquery.min.js, line 1: Using //@ to indicate sourceMappingURL pragmas is deprecated. Use //# instead
JavaScript warning: https://www.googletagmanager.com/gtag/js?id=UA-108689029-1, line 67: unreachable code after return statement
JavaScript warning: https://www.googletagmanager.com/gtag/js?id=UA-108689029-1, line 67: unreachable code after return statement
JavaScript warning: https://ajax.googleapis.com/ajax/libs/jquery/1.10.2/jquery.min.js, line 1: Using //@ to indicate sourceMappingURL pragmas is deprecated. Use //# instead
JavaScript warning: https://www.googletagmanager.com/gtag/js?id=UA-108689029-1, line 67: unreachable code after return statement
JavaScript warning: https://www.googletagmanager.com/gtag/js?id=UA-108689029-1, line 67: unreachable code after return statement
JavaScript warning: https://ajax.googleapis.com/ajax/libs/jquery/1.10.2/jquery.min.js, line 1: Using //@ to indicate sourceMappingURL pragmas is deprecated. Use //# instead
JavaScript warning: https://www.googletagmanager.com/gtag/js?id=UA-108689029-1, line 67: unreachable code after return statement
JavaScript warning: https://www.googletagmanager.com/gtag/js?id=UA-108689029-1, line 67: unreachable code after return statement
1518881564308	geckodriver	INFO	geckodriver 0.19.1
1518881564313	geckodriver	INFO	Listening on 127.0.0.1:41883
1518881565500	mozrunner::runner	INFO	Running command: "/usr/bin/firefox" "-marionette" "-profile" "/tmp/rust_mozprofile.eTh6BsXLWDal"
1518881566962	Marionette	INFO	Enabled via --marionette
1518881570671	Marionette	INFO	Listening on port 35635
1518881570726	Marionette	WARN	TLS certificate errors will be ignored for this session
JavaScript warning: https://ajax.googleapis.com/ajax/libs/jquery/1.10.2/jquery.min.js, line 1: Using //@ to indicate sourceMappingURL pragmas is deprecated. Use //# instead
JavaScript warning: https://www.googletagmanager.com/gtag/js?id=UA-108689029-1, line 67: unreachable code after return statement
JavaScript warning: https://www.googletagmanager.com/gtag/js?id=UA-108689029-1, line 67: unreachable code after return statement
JavaScript warning: https://ajax.googleapis.com/ajax/libs/jquery/1.10.2/jquery.min.js, line 1: Using //@ to indicate sourceMappingURL pragmas is deprecated. Use //# instead
JavaScript warning: https://www.googletagmanager.com/gtag/js?id=UA-108689029-1, line 67: unreachable code after return statement
JavaScript warning: https://www.googletagmanager.com/gtag/js?id=UA-108689029-1, line 67: unreachable code after return statement
JavaScript warning: https://ajax.googleapis.com/ajax/libs/jquery/1.10.2/jquery.min.js, line 1: Using //@ to indicate sourceMappingURL pragmas is deprecated. Use //# instead
JavaScript warning: https://www.googletagmanager.com/gtag/js?id=UA-108689029-1, line 67: unreachable code after return statement
JavaScript warning: https://www.googletagmanager.com/gtag/js?id=UA-108689029-1, line 67: unreachable code after return statement
JavaScript warning: https://ajax.googleapis.com/ajax/libs/jquery/1.10.2/jquery.min.js, line 1: Using //@ to indicate sourceMappingURL pragmas is deprecated. Use //# instead
JavaScript warning: https://www.googletagmanager.com/gtag/js?id=UA-108689029-1, line 67: unreachable code after return statement
JavaScript warning: https://www.googletagmanager.com/gtag/js?id=UA-108689029-1, line 67: unreachable code after return statement
1518881785856	geckodriver	INFO	geckodriver 0.19.1
1518881785862	geckodriver	INFO	Listening on 127.0.0.1:54001
1518881787147	mozrunner::runner	INFO	Running command: "/usr/bin/firefox" "-marionette" "-profile" "/tmp/rust_mozprofile.MGxPI94NTrez"
1518881788464	Marionette	INFO	Enabled via --marionette
1518881792151	Marionette	INFO	Listening on port 46551
1518881792271	Marionette	WARN	TLS certificate errors will be ignored for this session
JavaScript warning: https://ajax.googleapis.com/ajax/libs/jquery/1.10.2/jquery.min.js, line 1: Using //@ to indicate sourceMappingURL pragmas is deprecated. Use //# instead
JavaScript warning: https://www.googletagmanager.com/gtag/js?id=UA-108689029-1, line 67: unreachable code after return statement
JavaScript warning: https://www.googletagmanager.com/gtag/js?id=UA-108689029-1, line 67: unreachable code after return statement
JavaScript warning: https://ajax.googleapis.com/ajax/libs/jquery/1.10.2/jquery.min.js, line 1: Using //@ to indicate sourceMappingURL pragmas is deprecated. Use //# instead
JavaScript warning: https://www.googletagmanager.com/gtag/js?id=UA-108689029-1, line 67: unreachable code after return statement
JavaScript warning: https://www.googletagmanager.com/gtag/js?id=UA-108689029-1, line 67: unreachable code after return statement
JavaScript warning: https://ajax.googleapis.com/ajax/libs/jquery/1.10.2/jquery.min.js, line 1: Using //@ to indicate sourceMappingURL pragmas is deprecated. Use //# instead
JavaScript warning: https://www.googletagmanager.com/gtag/js?id=UA-108689029-1, line 67: unreachable code after return statement
JavaScript warning: https://www.googletagmanager.com/gtag/js?id=UA-108689029-1, line 67: unreachable code after return statement
JavaScript warning: https://ajax.googleapis.com/ajax/libs/jquery/1.10.2/jquery.min.js, line 1: Using //@ to indicate sourceMappingURL pragmas is deprecated. Use //# instead
JavaScript warning: https://www.googletagmanager.com/gtag/js?id=UA-108689029-1, line 67: unreachable code after return statement
JavaScript warning: https://www.googletagmanager.com/gtag/js?id=UA-108689029-1, line 67: unreachable code after return statement
JavaScript error: resource://devtools/client/jsonview/converter-observer.js, line 93: NS_ERROR_NOT_AVAILABLE: Component returned failure code: 0x80040111 (NS_ERROR_NOT_AVAILABLE) [nsIChannel.contentType]
1518881855840	geckodriver	INFO	geckodriver 0.19.1
1518881855844	geckodriver	INFO	Listening on 127.0.0.1:41181
1518881857146	mozrunner::runner	INFO	Running command: "/usr/bin/firefox" "-marionette" "-profile" "/tmp/rust_mozprofile.4y5eYHEsjEOT"
1518881858473	Marionette	INFO	Enabled via --marionette
1518881862078	Marionette	INFO	Listening on port 35085
1518881862198	Marionette	WARN	TLS certificate errors will be ignored for this session
JavaScript warning: https://ajax.googleapis.com/ajax/libs/jquery/1.10.2/jquery.min.js, line 1: Using //@ to indicate sourceMappingURL pragmas is deprecated. Use //# instead
JavaScript warning: https://www.googletagmanager.com/gtag/js?id=UA-108689029-1, line 67: unreachable code after return statement
JavaScript warning: https://www.googletagmanager.com/gtag/js?id=UA-108689029-1, line 67: unreachable code after return statement
JavaScript warning: https://ajax.googleapis.com/ajax/libs/jquery/1.10.2/jquery.min.js, line 1: Using //@ to indicate sourceMappingURL pragmas is deprecated. Use //# instead
JavaScript warning: https://www.googletagmanager.com/gtag/js?id=UA-108689029-1, line 67: unreachable code after return statement
JavaScript warning: https://www.googletagmanager.com/gtag/js?id=UA-108689029-1, line 67: unreachable code after return statement
JavaScript warning: https://ajax.googleapis.com/ajax/libs/jquery/1.10.2/jquery.min.js, line 1: Using //@ to indicate sourceMappingURL pragmas is deprecated. Use //# instead
JavaScript warning: https://www.googletagmanager.com/gtag/js?id=UA-108689029-1, line 67: unreachable code after return statement
JavaScript warning: https://www.googletagmanager.com/gtag/js?id=UA-108689029-1, line 67: unreachable code after return statement
JavaScript warning: https://ajax.googleapis.com/ajax/libs/jquery/1.10.2/jquery.min.js, line 1: Using //@ to indicate sourceMappingURL pragmas is deprecated. Use //# instead
JavaScript warning: https://www.googletagmanager.com/gtag/js?id=UA-108689029-1, line 67: unreachable code after return statement
JavaScript warning: https://www.googletagmanager.com/gtag/js?id=UA-108689029-1, line 67: unreachable code after return statement
JavaScript warning: https://www.googletagmanager.com/gtag/js?id=UA-108689029-1, line 67: unreachable code after return statement
JavaScript warning: https://www.googletagmanager.com/gtag/js?id=UA-108689029-1, line 67: unreachable code after return statement
[Parent 5346, Gecko_IOThread] WARNING: pipe error (96): Connection reset by peer: file /build/firefox-ox8TnP/firefox-58.0.1+build1/ipc/chromium/src/chrome/common/ipc_channel_posix.cc, line 353
[Parent 5346, Gecko_IOThread] WARNING: pipe error (87): Connection reset by peer: file /build/firefox-ox8TnP/firefox-58.0.1+build1/ipc/chromium/src/chrome/common/ipc_channel_posix.cc, line 353
1519091883324	geckodriver	INFO	geckodriver 0.19.1
1519091883366	geckodriver	INFO	Listening on 127.0.0.1:52827
1519091884851	mozrunner::runner	INFO	Running command: "/usr/bin/firefox" "-marionette" "-profile" "/tmp/rust_mozprofile.oUDGQtxW2OF3"
1519091891502	Marionette	INFO	Enabled via --marionette
1519091898792	Marionette	INFO	Listening on port 43707
1519091899569	Marionette	WARN	TLS certificate errors will be ignored for this session
JavaScript warning: https://ajax.googleapis.com/ajax/libs/jquery/1.10.2/jquery.min.js, line 1: Using //@ to indicate sourceMappingURL pragmas is deprecated. Use //# instead
JavaScript warning: https://www.googletagmanager.com/gtag/js?id=UA-108689029-1, line 67: unreachable code after return statement
JavaScript warning: https://www.googletagmanager.com/gtag/js?id=UA-108689029-1, line 67: unreachable code after return statement
JavaScript warning: https://ajax.googleapis.com/ajax/libs/jquery/1.10.2/jquery.min.js, line 1: Using //@ to indicate sourceMappingURL pragmas is deprecated. Use //# instead
JavaScript warning: https://www.googletagmanager.com/gtag/js?id=UA-108689029-1, line 67: unreachable code after return statement
JavaScript warning: https://www.googletagmanager.com/gtag/js?id=UA-108689029-1, line 67: unreachable code after return statement
JavaScript warning: https://ajax.googleapis.com/ajax/libs/jquery/1.10.2/jquery.min.js, line 1: Using //@ to indicate sourceMappingURL pragmas is deprecated. Use //# instead
JavaScript warning: https://www.googletagmanager.com/gtag/js?id=UA-108689029-1, line 67: unreachable code after return statement
JavaScript warning: https://www.googletagmanager.com/gtag/js?id=UA-108689029-1, line 67: unreachable code after return statement
JavaScript warning: https://ajax.googleapis.com/ajax/libs/jquery/1.10.2/jquery.min.js, line 1: Using //@ to indicate sourceMappingURL pragmas is deprecated. Use //# instead
JavaScript warning: https://www.googletagmanager.com/gtag/js?id=UA-108689029-1, line 67: unreachable code after return statement
JavaScript warning: https://www.googletagmanager.com/gtag/js?id=UA-108689029-1, line 67: unreachable code after return statement
1519117958751	geckodriver	INFO	geckodriver 0.19.1
1519117958814	geckodriver	INFO	Listening on 127.0.0.1:54477
1519117960475	mozrunner::runner	INFO	Running command: "/usr/bin/firefox" "-marionette" "-profile" "/tmp/rust_mozprofile.KkVWZbEZna6X"
1519117973331	Marionette	INFO	Enabled via --marionette
1519117990232	Marionette	INFO	Listening on port 43791
1519117990444	Marionette	WARN	TLS certificate errors will be ignored for this session
JavaScript warning: https://ajax.googleapis.com/ajax/libs/jquery/1.10.2/jquery.min.js, line 1: Using //@ to indicate sourceMappingURL pragmas is deprecated. Use //# instead
JavaScript warning: https://www.googletagmanager.com/gtag/js?id=UA-108689029-1, line 67: unreachable code after return statement
JavaScript warning: https://www.googletagmanager.com/gtag/js?id=UA-108689029-1, line 67: unreachable code after return statement
JavaScript warning: https://ajax.googleapis.com/ajax/libs/jquery/1.10.2/jquery.min.js, line 1: Using //@ to indicate sourceMappingURL pragmas is deprecated. Use //# instead
JavaScript warning: https://www.googletagmanager.com/gtag/js?id=UA-108689029-1, line 67: unreachable code after return statement
JavaScript warning: https://www.googletagmanager.com/gtag/js?id=UA-108689029-1, line 67: unreachable code after return statement
JavaScript warning: https://ajax.googleapis.com/ajax/libs/jquery/1.10.2/jquery.min.js, line 1: Using //@ to indicate sourceMappingURL pragmas is deprecated. Use //# instead
JavaScript warning: https://www.googletagmanager.com/gtag/js?id=UA-108689029-1, line 67: unreachable code after return statement
JavaScript warning: https://www.googletagmanager.com/gtag/js?id=UA-108689029-1, line 67: unreachable code after return statement
JavaScript warning: https://ajax.googleapis.com/ajax/libs/jquery/1.10.2/jquery.min.js, line 1: Using //@ to indicate sourceMappingURL pragmas is deprecated. Use //# instead
JavaScript warning: https://www.googletagmanager.com/gtag/js?id=UA-108689029-1, line 67: unreachable code after return statement
JavaScript warning: https://www.googletagmanager.com/gtag/js?id=UA-108689029-1, line 67: unreachable code after return statement
