1519630877878	geckodriver	INFO	geckodriver 0.19.1
1519630877882	geckodriver	INFO	Listening on 127.0.0.1:44679
1519630879021	mozrunner::runner	INFO	Running command: "/usr/bin/firefox" "-marionette" "-profile" "/tmp/rust_mozprofile.01ZgiQx8vzKj"
1519630879908	Marionette	INFO	Enabled via --marionette
1519630882736	Marionette	INFO	Listening on port 43293
1519630882834	Marionette	WARN	TLS certificate errors will be ignored for this session
JavaScript warning: https://ajax.googleapis.com/ajax/libs/jquery/1.10.2/jquery.min.js, line 1: Using //@ to indicate sourceMappingURL pragmas is deprecated. Use //# instead
JavaScript warning: https://www.googletagmanager.com/gtag/js?id=UA-108689029-1, line 68: unreachable code after return statement
JavaScript warning: https://www.googletagmanager.com/gtag/js?id=UA-108689029-1, line 68: unreachable code after return statement
JavaScript warning: https://ajax.googleapis.com/ajax/libs/jquery/1.10.2/jquery.min.js, line 1: Using //@ to indicate sourceMappingURL pragmas is deprecated. Use //# instead
JavaScript warning: https://www.googletagmanager.com/gtag/js?id=UA-108689029-1, line 68: unreachable code after return statement
JavaScript warning: https://www.googletagmanager.com/gtag/js?id=UA-108689029-1, line 68: unreachable code after return statement
1519631078953	geckodriver	INFO	geckodriver 0.19.1
1519631078957	geckodriver	INFO	Listening on 127.0.0.1:41819
1519631080109	mozrunner::runner	INFO	Running command: "/usr/bin/firefox" "-marionette" "-profile" "/tmp/rust_mozprofile.W0z6GuRlFRVn"
1519631081109	Marionette	INFO	Enabled via --marionette
1519631084319	Marionette	INFO	Listening on port 44595
1519631084330	Marionette	WARN	TLS certificate errors will be ignored for this session
JavaScript warning: https://ajax.googleapis.com/ajax/libs/jquery/1.10.2/jquery.min.js, line 1: Using //@ to indicate sourceMappingURL pragmas is deprecated. Use //# instead
JavaScript warning: https://www.googletagmanager.com/gtag/js?id=UA-108689029-1, line 68: unreachable code after return statement
JavaScript warning: https://www.googletagmanager.com/gtag/js?id=UA-108689029-1, line 68: unreachable code after return statement
JavaScript warning: https://ajax.googleapis.com/ajax/libs/jquery/1.10.2/jquery.min.js, line 1: Using //@ to indicate sourceMappingURL pragmas is deprecated. Use //# instead
JavaScript warning: https://www.googletagmanager.com/gtag/js?id=UA-108689029-1, line 68: unreachable code after return statement
JavaScript warning: https://www.googletagmanager.com/gtag/js?id=UA-108689029-1, line 68: unreachable code after return statement
JavaScript warning: https://ajax.googleapis.com/ajax/libs/jquery/1.10.2/jquery.min.js, line 1: Using //@ to indicate sourceMappingURL pragmas is deprecated. Use //# instead
JavaScript warning: https://www.googletagmanager.com/gtag/js?id=UA-108689029-1, line 68: unreachable code after return statement
JavaScript warning: https://www.googletagmanager.com/gtag/js?id=UA-108689029-1, line 68: unreachable code after return statement
JavaScript warning: https://ajax.googleapis.com/ajax/libs/jquery/1.10.2/jquery.min.js, line 1: Using //@ to indicate sourceMappingURL pragmas is deprecated. Use //# instead
JavaScript warning: https://www.googletagmanager.com/gtag/js?id=UA-108689029-1, line 68: unreachable code after return statement
JavaScript warning: https://www.googletagmanager.com/gtag/js?id=UA-108689029-1, line 68: unreachable code after return statement
1519631407944	geckodriver	INFO	geckodriver 0.19.1
1519631407947	geckodriver	INFO	Listening on 127.0.0.1:40811
1519631409108	mozrunner::runner	INFO	Running command: "/usr/bin/firefox" "-marionette" "-profile" "/tmp/rust_mozprofile.pE6QXqkeT7jb"
1519631410057	Marionette	INFO	Enabled via --marionette
1519631413407	Marionette	INFO	Listening on port 37765
1519631413455	Marionette	WARN	TLS certificate errors will be ignored for this session
JavaScript warning: https://ajax.googleapis.com/ajax/libs/jquery/1.10.2/jquery.min.js, line 1: Using //@ to indicate sourceMappingURL pragmas is deprecated. Use //# instead
JavaScript warning: https://www.googletagmanager.com/gtag/js?id=UA-108689029-1, line 68: unreachable code after return statement
JavaScript warning: https://www.googletagmanager.com/gtag/js?id=UA-108689029-1, line 68: unreachable code after return statement
JavaScript warning: https://ajax.googleapis.com/ajax/libs/jquery/1.10.2/jquery.min.js, line 1: Using //@ to indicate sourceMappingURL pragmas is deprecated. Use //# instead
JavaScript warning: https://www.googletagmanager.com/gtag/js?id=UA-108689029-1, line 68: unreachable code after return statement
JavaScript warning: https://www.googletagmanager.com/gtag/js?id=UA-108689029-1, line 68: unreachable code after return statement
JavaScript warning: https://ajax.googleapis.com/ajax/libs/jquery/1.10.2/jquery.min.js, line 1: Using //@ to indicate sourceMappingURL pragmas is deprecated. Use //# instead
JavaScript warning: https://www.googletagmanager.com/gtag/js?id=UA-108689029-1, line 68: unreachable code after return statement
JavaScript warning: https://www.googletagmanager.com/gtag/js?id=UA-108689029-1, line 68: unreachable code after return statement
JavaScript warning: https://ajax.googleapis.com/ajax/libs/jquery/1.10.2/jquery.min.js, line 1: Using //@ to indicate sourceMappingURL pragmas is deprecated. Use //# instead
JavaScript warning: https://www.googletagmanager.com/gtag/js?id=UA-108689029-1, line 68: unreachable code after return statement
JavaScript warning: https://www.googletagmanager.com/gtag/js?id=UA-108689029-1, line 68: unreachable code after return statement
1519631552454	geckodriver	INFO	geckodriver 0.19.1
1519631552458	geckodriver	INFO	Listening on 127.0.0.1:56853
1519631553612	mozrunner::runner	INFO	Running command: "/usr/bin/firefox" "-marionette" "-profile" "/tmp/rust_mozprofile.skplx9qW0tHz"
1519631554621	Marionette	INFO	Enabled via --marionette
1519631557853	Marionette	INFO	Listening on port 39961
1519631557930	Marionette	WARN	TLS certificate errors will be ignored for this session
JavaScript warning: https://ajax.googleapis.com/ajax/libs/jquery/1.10.2/jquery.min.js, line 1: Using //@ to indicate sourceMappingURL pragmas is deprecated. Use //# instead
JavaScript warning: https://www.googletagmanager.com/gtag/js?id=UA-108689029-1, line 68: unreachable code after return statement
JavaScript warning: https://www.googletagmanager.com/gtag/js?id=UA-108689029-1, line 68: unreachable code after return statement
JavaScript warning: https://ajax.googleapis.com/ajax/libs/jquery/1.10.2/jquery.min.js, line 1: Using //@ to indicate sourceMappingURL pragmas is deprecated. Use //# instead
JavaScript warning: https://www.googletagmanager.com/gtag/js?id=UA-108689029-1, line 68: unreachable code after return statement
JavaScript warning: https://www.googletagmanager.com/gtag/js?id=UA-108689029-1, line 68: unreachable code after return statement
JavaScript warning: https://ajax.googleapis.com/ajax/libs/jquery/1.10.2/jquery.min.js, line 1: Using //@ to indicate sourceMappingURL pragmas is deprecated. Use //# instead
JavaScript warning: https://www.googletagmanager.com/gtag/js?id=UA-108689029-1, line 68: unreachable code after return statement
JavaScript warning: https://www.googletagmanager.com/gtag/js?id=UA-108689029-1, line 68: unreachable code after return statement
JavaScript warning: https://ajax.googleapis.com/ajax/libs/jquery/1.10.2/jquery.min.js, line 1: Using //@ to indicate sourceMappingURL pragmas is deprecated. Use //# instead
JavaScript warning: https://www.googletagmanager.com/gtag/js?id=UA-108689029-1, line 68: unreachable code after return statement
JavaScript warning: https://www.googletagmanager.com/gtag/js?id=UA-108689029-1, line 68: unreachable code after return statement
1519752459807	geckodriver	INFO	geckodriver 0.19.1
1519752459821	geckodriver	INFO	Listening on 127.0.0.1:39021
1519752460102	mozrunner::runner	INFO	Running command: "/usr/bin/firefox" "-marionette" "-profile" "/tmp/rust_mozprofile.NmvXMwjr8lyr"
1519752465588	Marionette	INFO	Enabled via --marionette
1519752471913	Marionette	INFO	Listening on port 41855
1519752471965	Marionette	WARN	TLS certificate errors will be ignored for this session
